<?xml version="1.0" encoding="UTF-8"?>
<robot generator="Robot 4.1 (Python 3.9.6 on win32)" generated="20210817 21:17:36.525" rpa="false" schemaversion="2">
<suite id="s1" name="Login" source="C:\Users\pbarbosa\WebAutomationpratice\webautomationpratice\test\features\login.robot">
<test id="s1-t1" name="Cenario: Login com sucesso">
<kw name="Abrir a sessão" library="setup" type="SETUP">
<kw name="Open Browser" library="SeleniumLibrary">
<arg>http://automationpractice.com/index.php</arg>
<arg>chrome</arg>
<doc>Opens a new browser instance to the optional ``url``.</doc>
<msg timestamp="20210817 21:17:36.904" level="INFO">Opening browser 'chrome' to base url 'http://automationpractice.com/index.php'.</msg>
<status status="PASS" starttime="20210817 21:17:36.904" endtime="20210817 21:17:43.144"/>
</kw>
<kw name="Set Selenium Timeout" library="SeleniumLibrary">
<arg>60</arg>
<doc>Sets the timeout that is used by various keywords.</doc>
<status status="PASS" starttime="20210817 21:17:43.144" endtime="20210817 21:17:43.150"/>
</kw>
<kw name="Maximize Browser Window" library="SeleniumLibrary">
<doc>Maximizes current browser window.</doc>
<status status="PASS" starttime="20210817 21:17:43.150" endtime="20210817 21:17:43.296"/>
</kw>
<status status="PASS" starttime="20210817 21:17:36.903" endtime="20210817 21:17:43.297"/>
</kw>
<kw name="Dado que o cliente esteja na tela inicial da aplicação" library="home_kws">
<kw name="Abrir a sessão" library="setup">
<kw name="Open Browser" library="SeleniumLibrary">
<arg>http://automationpractice.com/index.php</arg>
<arg>chrome</arg>
<doc>Opens a new browser instance to the optional ``url``.</doc>
<msg timestamp="20210817 21:17:43.304" level="INFO">Opening browser 'chrome' to base url 'http://automationpractice.com/index.php'.</msg>
<status status="PASS" starttime="20210817 21:17:43.302" endtime="20210817 21:17:49.497"/>
</kw>
<kw name="Set Selenium Timeout" library="SeleniumLibrary">
<arg>60</arg>
<doc>Sets the timeout that is used by various keywords.</doc>
<status status="PASS" starttime="20210817 21:17:49.497" endtime="20210817 21:17:49.504"/>
</kw>
<kw name="Maximize Browser Window" library="SeleniumLibrary">
<doc>Maximizes current browser window.</doc>
<status status="PASS" starttime="20210817 21:17:49.505" endtime="20210817 21:17:49.645"/>
</kw>
<status status="PASS" starttime="20210817 21:17:43.299" endtime="20210817 21:17:49.645"/>
</kw>
<kw name="Wait Until Element Is Visible" library="SeleniumLibrary">
<arg>${HOME.BOTAO_SIGNIN}</arg>
<doc>Waits until the element ``locator`` is visible.</doc>
<status status="PASS" starttime="20210817 21:17:49.646" endtime="20210817 21:17:49.711"/>
</kw>
<status status="PASS" starttime="20210817 21:17:43.298" endtime="20210817 21:17:49.711"/>
</kw>
<kw name="E acessar a tela de login" library="home_kws">
<kw name="Wait Until Element Is Visible" library="SeleniumLibrary">
<arg>${HOME.BOTAO_SIGNIN}</arg>
<doc>Waits until the element ``locator`` is visible.</doc>
<status status="PASS" starttime="20210817 21:17:49.715" endtime="20210817 21:17:49.777"/>
</kw>
<kw name="Click Element" library="SeleniumLibrary">
<arg>${HOME.BOTAO_SIGNIN}</arg>
<doc>Click the element identified by ``locator``.</doc>
<msg timestamp="20210817 21:17:49.778" level="INFO">Clicking element '//a[@class='login']'.</msg>
<status status="PASS" starttime="20210817 21:17:49.777" endtime="20210817 21:17:51.301"/>
</kw>
<status status="PASS" starttime="20210817 21:17:49.713" endtime="20210817 21:17:51.302"/>
</kw>
<kw name="Quando inserir os dados de login" library="login_kws">
<arg>rasafa9934@ovooovo.com</arg>
<arg>Teste@123</arg>
<kw name="Wait Until Element Is Visible" library="SeleniumLibrary">
<arg>${LOGIN.INPUT_EMAIL}</arg>
<doc>Waits until the element ``locator`` is visible.</doc>
<status status="PASS" starttime="20210817 21:17:51.304" endtime="20210817 21:17:52.008"/>
</kw>
<kw name="Input Text" library="SeleniumLibrary">
<arg>${LOGIN.INPUT_EMAIL}</arg>
<arg>${EMAIL}</arg>
<doc>Types the given ``text`` into the text field identified by ``locator``.</doc>
<msg timestamp="20210817 21:17:52.011" level="INFO">Typing text 'rasafa9934@ovooovo.com' into text field '//input[@id='email']'.</msg>
<status status="PASS" starttime="20210817 21:17:52.008" endtime="20210817 21:17:52.175"/>
</kw>
<kw name="Input Text" library="SeleniumLibrary">
<arg>${LOGIN.INPUT_SENHA}</arg>
<arg>${SENHA}</arg>
<doc>Types the given ``text`` into the text field identified by ``locator``.</doc>
<msg timestamp="20210817 21:17:52.177" level="INFO">Typing text 'Teste@123' into text field '//input[@id='passwd']'.</msg>
<status status="PASS" starttime="20210817 21:17:52.175" endtime="20210817 21:17:52.358"/>
</kw>
<status status="PASS" starttime="20210817 21:17:51.303" endtime="20210817 21:17:52.359"/>
</kw>
<kw name="E clicar no elemento" library="common_kws">
<arg>${LOGIN.BOTAO_SIGNIN}</arg>
<kw name="Wait Until Element Is Visible" library="SeleniumLibrary">
<arg>${ELEMENTO}</arg>
<doc>Waits until the element ``locator`` is visible.</doc>
<status status="PASS" starttime="20210817 21:17:52.362" endtime="20210817 21:17:52.400"/>
</kw>
<kw name="Click Element" library="SeleniumLibrary">
<arg>${ELEMENTO}</arg>
<doc>Click the element identified by ``locator``.</doc>
<msg timestamp="20210817 21:17:52.402" level="INFO">Clicking element 'SubmitLogin'.</msg>
<status status="PASS" starttime="20210817 21:17:52.400" endtime="20210817 21:17:54.075"/>
</kw>
<status status="PASS" starttime="20210817 21:17:52.360" endtime="20210817 21:17:54.077"/>
</kw>
<kw name="Então deve visualizar a tela My Account" library="my_account_kws">
<kw name="Wait Until Element Is Visible" library="SeleniumLibrary">
<arg>${MINHA_CONTA.TITULO}</arg>
<doc>Waits until the element ``locator`` is visible.</doc>
<status status="PASS" starttime="20210817 21:17:54.078" endtime="20210817 21:17:54.118"/>
</kw>
<kw name="Get Text" library="SeleniumLibrary">
<var>${TITULO_ATUAL}</var>
<arg>${MINHA_CONTA.TITULO}</arg>
<doc>Returns the text value of the element identified by ``locator``.</doc>
<msg timestamp="20210817 21:17:54.148" level="INFO">${TITULO_ATUAL} = MY ACCOUNT</msg>
<status status="PASS" starttime="20210817 21:17:54.118" endtime="20210817 21:17:54.148"/>
</kw>
<kw name="Should Be Equal" library="BuiltIn">
<arg>${TITULO_ATUAL}</arg>
<arg>MY ACCOUNT</arg>
<doc>Fails if the given objects are unequal.</doc>
<status status="PASS" starttime="20210817 21:17:54.148" endtime="20210817 21:17:54.149"/>
</kw>
<status status="PASS" starttime="20210817 21:17:54.078" endtime="20210817 21:17:54.149"/>
</kw>
<kw name="Encerrar sessão" library="setup" type="TEARDOWN">
<kw name="Capture Page Screenshot" library="SeleniumLibrary">
<doc>Takes a screenshot of the current page and embeds it into a log file.</doc>
<msg timestamp="20210817 21:17:54.356" level="INFO" html="true">&lt;/td&gt;&lt;/tr&gt;&lt;tr&gt;&lt;td colspan="3"&gt;&lt;a href="selenium-screenshot-20.png"&gt;&lt;img src="selenium-screenshot-20.png" width="800px"&gt;&lt;/a&gt;</msg>
<status status="PASS" starttime="20210817 21:17:54.151" endtime="20210817 21:17:54.357"/>
</kw>
<kw name="Close Browser" library="SeleniumLibrary">
<doc>Closes the current browser.</doc>
<status status="PASS" starttime="20210817 21:17:54.357" endtime="20210817 21:17:56.587"/>
</kw>
<status status="PASS" starttime="20210817 21:17:54.150" endtime="20210817 21:17:56.588"/>
</kw>
<status status="PASS" starttime="20210817 21:17:36.902" endtime="20210817 21:17:56.589"/>
</test>
<test id="s1-t2" name="Cenario: Login com credenciais inválidas">
<kw name="Abrir a sessão" library="setup" type="SETUP">
<kw name="Open Browser" library="SeleniumLibrary">
<arg>http://automationpractice.com/index.php</arg>
<arg>chrome</arg>
<doc>Opens a new browser instance to the optional ``url``.</doc>
<msg timestamp="20210817 21:17:56.594" level="INFO">Opening browser 'chrome' to base url 'http://automationpractice.com/index.php'.</msg>
<status status="PASS" starttime="20210817 21:17:56.594" endtime="20210817 21:18:02.127"/>
</kw>
<kw name="Set Selenium Timeout" library="SeleniumLibrary">
<arg>60</arg>
<doc>Sets the timeout that is used by various keywords.</doc>
<status status="PASS" starttime="20210817 21:18:02.127" endtime="20210817 21:18:02.134"/>
</kw>
<kw name="Maximize Browser Window" library="SeleniumLibrary">
<doc>Maximizes current browser window.</doc>
<status status="PASS" starttime="20210817 21:18:02.134" endtime="20210817 21:18:02.292"/>
</kw>
<status status="PASS" starttime="20210817 21:17:56.593" endtime="20210817 21:18:02.293"/>
</kw>
<kw name="Dado que o cliente esteja na tela inicial da aplicação" library="home_kws">
<kw name="Abrir a sessão" library="setup">
<kw name="Open Browser" library="SeleniumLibrary">
<arg>http://automationpractice.com/index.php</arg>
<arg>chrome</arg>
<doc>Opens a new browser instance to the optional ``url``.</doc>
<msg timestamp="20210817 21:18:02.297" level="INFO">Opening browser 'chrome' to base url 'http://automationpractice.com/index.php'.</msg>
<status status="PASS" starttime="20210817 21:18:02.296" endtime="20210817 21:18:08.281"/>
</kw>
<kw name="Set Selenium Timeout" library="SeleniumLibrary">
<arg>60</arg>
<doc>Sets the timeout that is used by various keywords.</doc>
<status status="PASS" starttime="20210817 21:18:08.282" endtime="20210817 21:18:08.291"/>
</kw>
<kw name="Maximize Browser Window" library="SeleniumLibrary">
<doc>Maximizes current browser window.</doc>
<status status="PASS" starttime="20210817 21:18:08.291" endtime="20210817 21:18:08.463"/>
</kw>
<status status="PASS" starttime="20210817 21:18:02.295" endtime="20210817 21:18:08.464"/>
</kw>
<kw name="Wait Until Element Is Visible" library="SeleniumLibrary">
<arg>${HOME.BOTAO_SIGNIN}</arg>
<doc>Waits until the element ``locator`` is visible.</doc>
<status status="PASS" starttime="20210817 21:18:08.464" endtime="20210817 21:18:08.538"/>
</kw>
<status status="PASS" starttime="20210817 21:18:02.294" endtime="20210817 21:18:08.539"/>
</kw>
<kw name="E acessar a tela de login" library="home_kws">
<kw name="Wait Until Element Is Visible" library="SeleniumLibrary">
<arg>${HOME.BOTAO_SIGNIN}</arg>
<doc>Waits until the element ``locator`` is visible.</doc>
<status status="PASS" starttime="20210817 21:18:08.542" endtime="20210817 21:18:08.580"/>
</kw>
<kw name="Click Element" library="SeleniumLibrary">
<arg>${HOME.BOTAO_SIGNIN}</arg>
<doc>Click the element identified by ``locator``.</doc>
<msg timestamp="20210817 21:18:08.584" level="INFO">Clicking element '//a[@class='login']'.</msg>
<status status="PASS" starttime="20210817 21:18:08.580" endtime="20210817 21:18:10.057"/>
</kw>
<status status="PASS" starttime="20210817 21:18:08.540" endtime="20210817 21:18:10.057"/>
</kw>
<kw name="Quando inserir os dados de login" library="login_kws">
<arg>dasosjd@teste.com</arg>
<arg>rs@1234</arg>
<kw name="Wait Until Element Is Visible" library="SeleniumLibrary">
<arg>${LOGIN.INPUT_EMAIL}</arg>
<doc>Waits until the element ``locator`` is visible.</doc>
<status status="PASS" starttime="20210817 21:18:10.060" endtime="20210817 21:18:10.784"/>
</kw>
<kw name="Input Text" library="SeleniumLibrary">
<arg>${LOGIN.INPUT_EMAIL}</arg>
<arg>${EMAIL}</arg>
<doc>Types the given ``text`` into the text field identified by ``locator``.</doc>
<msg timestamp="20210817 21:18:10.786" level="INFO">Typing text 'dasosjd@teste.com' into text field '//input[@id='email']'.</msg>
<status status="PASS" starttime="20210817 21:18:10.785" endtime="20210817 21:18:10.958"/>
</kw>
<kw name="Input Text" library="SeleniumLibrary">
<arg>${LOGIN.INPUT_SENHA}</arg>
<arg>${SENHA}</arg>
<doc>Types the given ``text`` into the text field identified by ``locator``.</doc>
<msg timestamp="20210817 21:18:10.959" level="INFO">Typing text 'rs@1234' into text field '//input[@id='passwd']'.</msg>
<status status="PASS" starttime="20210817 21:18:10.958" endtime="20210817 21:18:11.141"/>
</kw>
<status status="PASS" starttime="20210817 21:18:10.059" endtime="20210817 21:18:11.142"/>
</kw>
<kw name="E clicar no elemento" library="common_kws">
<arg>${LOGIN.BOTAO_SIGNIN}</arg>
<kw name="Wait Until Element Is Visible" library="SeleniumLibrary">
<arg>${ELEMENTO}</arg>
<doc>Waits until the element ``locator`` is visible.</doc>
<status status="PASS" starttime="20210817 21:18:11.145" endtime="20210817 21:18:11.188"/>
</kw>
<kw name="Click Element" library="SeleniumLibrary">
<arg>${ELEMENTO}</arg>
<doc>Click the element identified by ``locator``.</doc>
<msg timestamp="20210817 21:18:11.189" level="INFO">Clicking element 'SubmitLogin'.</msg>
<status status="PASS" starttime="20210817 21:18:11.189" endtime="20210817 21:18:12.195"/>
</kw>
<status status="PASS" starttime="20210817 21:18:11.143" endtime="20210817 21:18:12.196"/>
</kw>
<kw name="Então deve visualizar a mensagem" library="common_kws">
<arg>${LOGIN.TEXTO_ERRO}</arg>
<arg>Authentication failed.</arg>
<kw name="Wait Until Element Is Visible" library="SeleniumLibrary">
<arg>${ELEMENTO}</arg>
<doc>Waits until the element ``locator`` is visible.</doc>
<status status="PASS" starttime="20210817 21:18:12.202" endtime="20210817 21:18:12.246"/>
</kw>
<kw name="Get Text" library="SeleniumLibrary">
<var>${MENSAGEM_ATUAL}</var>
<arg>${ELEMENTO}</arg>
<doc>Returns the text value of the element identified by ``locator``.</doc>
<msg timestamp="20210817 21:18:12.286" level="INFO">${MENSAGEM_ATUAL} = Authentication failed.</msg>
<status status="PASS" starttime="20210817 21:18:12.246" endtime="20210817 21:18:12.287"/>
</kw>
<kw name="Should Be Equal" library="BuiltIn">
<arg>${MENSAGEM_ATUAL}</arg>
<arg>${MENSAGEM_ESPERADA}</arg>
<doc>Fails if the given objects are unequal.</doc>
<status status="PASS" starttime="20210817 21:18:12.287" endtime="20210817 21:18:12.287"/>
</kw>
<status status="PASS" starttime="20210817 21:18:12.198" endtime="20210817 21:18:12.288"/>
</kw>
<kw name="Encerrar sessão" library="setup" type="TEARDOWN">
<kw name="Capture Page Screenshot" library="SeleniumLibrary">
<doc>Takes a screenshot of the current page and embeds it into a log file.</doc>
<msg timestamp="20210817 21:18:12.425" level="INFO" html="true">&lt;/td&gt;&lt;/tr&gt;&lt;tr&gt;&lt;td colspan="3"&gt;&lt;a href="selenium-screenshot-21.png"&gt;&lt;img src="selenium-screenshot-21.png" width="800px"&gt;&lt;/a&gt;</msg>
<status status="PASS" starttime="20210817 21:18:12.290" endtime="20210817 21:18:12.425"/>
</kw>
<kw name="Close Browser" library="SeleniumLibrary">
<doc>Closes the current browser.</doc>
<status status="PASS" starttime="20210817 21:18:12.425" endtime="20210817 21:18:14.685"/>
</kw>
<status status="PASS" starttime="20210817 21:18:12.289" endtime="20210817 21:18:14.686"/>
</kw>
<status status="PASS" starttime="20210817 21:17:56.592" endtime="20210817 21:18:14.688"/>
</test>
<doc>Cenários de testes relacionado ao login da aplicação</doc>
<status status="PASS" starttime="20210817 21:17:36.528" endtime="20210817 21:18:14.691"/>
</suite>
<statistics>
<total>
<stat pass="2" fail="0" skip="0">All Tests</stat>
</total>
<tag>
</tag>
<suite>
<stat pass="2" fail="0" skip="0" id="s1" name="Login">Login</stat>
</suite>
</statistics>
<errors>
</errors>
</robot>
