<?xml version="1.0" encoding="UTF-8"?>
<robot generator="Robot 4.1 (Python 3.9.6 on win32)" generated="20210817 19:40:07.616" rpa="false" schemaversion="2">
<suite id="s1" name="Login" source="C:\Users\pbarbosa\WebAutomationpratice\webautomationpratice\test\features\login.robot">
<test id="s1-t1" name="Cenario: Login com sucesso">
<kw name="Dado que o cliente esteja na tela inicial da aplicação" library="home_kws">
<kw name="Abrir a sessão" library="setup">
<kw name="Open Browser" library="SeleniumLibrary">
<arg>http://automationpractice.com/index.php</arg>
<arg>chrome</arg>
<doc>Opens a new browser instance to the optional ``url``.</doc>
<msg timestamp="20210817 19:40:08.096" level="INFO">Opening browser 'chrome' to base url 'http://automationpractice.com/index.php'.</msg>
<status status="PASS" starttime="20210817 19:40:08.096" endtime="20210817 19:40:14.890"/>
</kw>
<kw name="Set Selenium Timeout" library="SeleniumLibrary">
<arg>60</arg>
<doc>Sets the timeout that is used by various keywords.</doc>
<status status="PASS" starttime="20210817 19:40:14.891" endtime="20210817 19:40:14.893"/>
</kw>
<kw name="Maximize Browser Window" library="SeleniumLibrary">
<doc>Maximizes current browser window.</doc>
<status status="PASS" starttime="20210817 19:40:14.894" endtime="20210817 19:40:15.042"/>
</kw>
<status status="PASS" starttime="20210817 19:40:08.095" endtime="20210817 19:40:15.043"/>
</kw>
<kw name="Wait Until Element Is Visible" library="SeleniumLibrary">
<arg>${HOME.BOTAO_SIGNIN}</arg>
<doc>Waits until the element ``locator`` is visible.</doc>
<status status="PASS" starttime="20210817 19:40:15.043" endtime="20210817 19:40:15.106"/>
</kw>
<status status="PASS" starttime="20210817 19:40:08.095" endtime="20210817 19:40:15.107"/>
</kw>
<kw name="E acessar a tela de login" library="home_kws">
<kw name="Wait Until Element Is Visible" library="SeleniumLibrary">
<arg>${HOME.BOTAO_SIGNIN}</arg>
<doc>Waits until the element ``locator`` is visible.</doc>
<status status="PASS" starttime="20210817 19:40:15.109" endtime="20210817 19:40:15.148"/>
</kw>
<kw name="Click Element" library="SeleniumLibrary">
<arg>${HOME.BOTAO_SIGNIN}</arg>
<doc>Click the element identified by ``locator``.</doc>
<msg timestamp="20210817 19:40:15.152" level="INFO">Clicking element '//a[@class='login']'.</msg>
<status status="PASS" starttime="20210817 19:40:15.148" endtime="20210817 19:40:17.686"/>
</kw>
<status status="PASS" starttime="20210817 19:40:15.108" endtime="20210817 19:40:17.686"/>
</kw>
<kw name="Quando realizar login com sucesso" library="login_kws">
<kw name="Wait Until Element Is Visible" library="SeleniumLibrary">
<arg>${LOGIN.INPUT_EMAIL}</arg>
<doc>Waits until the element ``locator`` is visible.</doc>
<status status="PASS" starttime="20210817 19:40:17.690" endtime="20210817 19:40:17.727"/>
</kw>
<kw name="Input Text" library="SeleniumLibrary">
<arg>${LOGIN.INPUT_EMAIL}</arg>
<arg>rasafa9934@ovooovo.com</arg>
<doc>Types the given ``text`` into the text field identified by ``locator``.</doc>
<msg timestamp="20210817 19:40:17.728" level="INFO">Typing text 'rasafa9934@ovooovo.com' into text field '//input[@id='email']'.</msg>
<status status="PASS" starttime="20210817 19:40:17.727" endtime="20210817 19:40:17.889"/>
</kw>
<kw name="Input Text" library="SeleniumLibrary">
<arg>${LOGIN.INPUT_SENHA}</arg>
<arg>Teste@123</arg>
<doc>Types the given ``text`` into the text field identified by ``locator``.</doc>
<msg timestamp="20210817 19:40:17.891" level="INFO">Typing text 'Teste@123' into text field '//input[@id='passwd']'.</msg>
<status status="PASS" starttime="20210817 19:40:17.889" endtime="20210817 19:40:18.025"/>
</kw>
<kw name="Click Element" library="SeleniumLibrary">
<arg>${LOGIN.BOTAO_SIGNIN}</arg>
<doc>Click the element identified by ``locator``.</doc>
<msg timestamp="20210817 19:40:18.027" level="INFO">Clicking element 'SubmitLogin'.</msg>
<status status="PASS" starttime="20210817 19:40:18.026" endtime="20210817 19:40:19.431"/>
</kw>
<status status="PASS" starttime="20210817 19:40:17.689" endtime="20210817 19:40:19.432"/>
</kw>
<kw name="Então deve visualizar a tela My Account" library="my_account_kws">
<kw name="Wait Until Element Is Visible" library="SeleniumLibrary">
<arg>${MINHA_CONTA.TITULO}</arg>
<doc>Waits until the element ``locator`` is visible.</doc>
<status status="PASS" starttime="20210817 19:40:19.434" endtime="20210817 19:40:19.512"/>
</kw>
<kw name="Get Text" library="SeleniumLibrary">
<var>${TITULO_ATUAL}</var>
<arg>${MINHA_CONTA.TITULO}</arg>
<doc>Returns the text value of the element identified by ``locator``.</doc>
<msg timestamp="20210817 19:40:19.567" level="INFO">${TITULO_ATUAL} = MY ACCOUNT</msg>
<status status="PASS" starttime="20210817 19:40:19.512" endtime="20210817 19:40:19.567"/>
</kw>
<kw name="Should Be Equal" library="BuiltIn">
<arg>${TITULO_ATUAL}</arg>
<arg>MY ACCOUNT</arg>
<doc>Fails if the given objects are unequal.</doc>
<status status="PASS" starttime="20210817 19:40:19.567" endtime="20210817 19:40:19.569"/>
</kw>
<status status="PASS" starttime="20210817 19:40:19.433" endtime="20210817 19:40:19.569"/>
</kw>
<kw name="Encerrar sessão" library="setup">
<kw name="Capture Page Screenshot" library="SeleniumLibrary">
<doc>Takes a screenshot of the current page and embeds it into a log file.</doc>
<msg timestamp="20210817 19:40:19.747" level="INFO" html="true">&lt;/td&gt;&lt;/tr&gt;&lt;tr&gt;&lt;td colspan="3"&gt;&lt;a href="selenium-screenshot-3.png"&gt;&lt;img src="selenium-screenshot-3.png" width="800px"&gt;&lt;/a&gt;</msg>
<status status="PASS" starttime="20210817 19:40:19.572" endtime="20210817 19:40:19.748"/>
</kw>
<kw name="Close Browser" library="SeleniumLibrary">
<doc>Closes the current browser.</doc>
<status status="PASS" starttime="20210817 19:40:19.748" endtime="20210817 19:40:22.141"/>
</kw>
<status status="PASS" starttime="20210817 19:40:19.571" endtime="20210817 19:40:22.141"/>
</kw>
<status status="PASS" starttime="20210817 19:40:08.094" endtime="20210817 19:40:22.141"/>
</test>
<doc>Cenários de testes relacionado ao login da aplicação</doc>
<status status="PASS" starttime="20210817 19:40:07.618" endtime="20210817 19:40:22.146"/>
</suite>
<statistics>
<total>
<stat pass="1" fail="0" skip="0">All Tests</stat>
</total>
<tag>
</tag>
<suite>
<stat pass="1" fail="0" skip="0" id="s1" name="Login">Login</stat>
</suite>
</statistics>
<errors>
<msg timestamp="20210817 19:40:07.601" level="ERROR">Error in file 'C:\Users\pbarbosa\WebAutomationpratice\webautomationpratice\test\features\login.robot' on line 6: Non-existing setting 'Test Setup Abrir a sessão'.</msg>
<msg timestamp="20210817 19:40:07.603" level="ERROR">Error in file 'C:\Users\pbarbosa\WebAutomationpratice\webautomationpratice\test\features\login.robot' on line 7: Non-existing setting 'Test Teardown Encerrar sessão'.</msg>
</errors>
</robot>
